<?xml version="1.0" encoding="UTF-8"?>
<!-- Generated by org.testng.reporters.JUnitReportReporter -->
<testsuite hostname="CNPGBGOKCEMU" failures="0" tests="1" name="checkout.CheckOutOrderTests" time="0.829" errors="0" timestamp="2022-03-11T15:13:52 TRT" skipped="0">
  <testcase classname="checkout.CheckOutOrderTests" name="testAddProducttoCartandCheckout" time="0.829"/>
  <system-out/>
</testsuite> <!-- checkout.CheckOutOrderTests -->
