<?xml version="1.0" encoding="UTF-8"?>
<!-- Generated by org.testng.reporters.JUnitReportReporter -->
<testsuite hostname="CNPGBGOKCEMU" failures="0" tests="4" name="login.LoginTests" time="2.263" errors="0" timestamp="2022-03-11T15:29:38 TRT" skipped="0">
  <testcase classname="login.LoginTests" name="testInvalidPassword" time="0.703"/>
  <system-out/>
  <testcase classname="login.LoginTests" name="testInvalidUsername" time="0.466"/>
  <system-out/>
  <testcase classname="login.LoginTests" name="testSuccesfulLogin" time="0.696"/>
  <system-out/>
  <testcase classname="login.LoginTests" name="testNullUsernameandPassword" time="0.398"/>
  <system-out/>
</testsuite> <!-- login.LoginTests -->
