<?xml version="1.0" encoding="UTF-8"?>
<!-- Generated by org.testng.reporters.JUnitReportReporter -->
<testsuite hostname="CNPGBGOKCEMU" failures="0" tests="3" name="cart.CartTests" time="3.339" errors="0" timestamp="2022-03-11T15:29:38 TRT" skipped="0">
  <testcase classname="cart.CartTests" name="testResetProductsInCart" time="1.200"/>
  <system-out/>
  <testcase classname="cart.CartTests" name="testSwitchCartPageSuccessful" time="0.109"/>
  <system-out/>
  <testcase classname="cart.CartTests" name="testAddProductToCartandRemoveFromCart" time="2.030"/>
  <system-out/>
</testsuite> <!-- cart.CartTests -->
