<?xml version="1.0" encoding="UTF-8"?>
<!-- Generated by org.testng.reporters.JUnitReportReporter -->
<testsuite hostname="CNPGBGOKCEMU" failures="0" tests="1" name="product.ProductTests" time="0.909" errors="0" timestamp="2022-03-11T15:29:38 TRT" skipped="0">
  <testcase classname="product.ProductTests" name="testAddProducttoCart" time="0.909"/>
  <system-out/>
</testsuite> <!-- product.ProductTests -->
